[34mD[0m: started
[34mD[0m: Pressed key: 259
[34mD[0m: Pressed key: 113
[34mD[0m: Exiting with status: 0
[34mD[0m: started
[34mD[0m: Pressed key: 98
[34mD[0m: picked card slot2
[34mD[0m: card event result=5
[34mD[0m: new cards size: %d15
[34mD[0m: Pressed key: 98
[34mD[0m: picked card slot2
[34mD[0m: card event result=5
[34mD[0m: new cards size: %d14
[34mD[0m: Pressed key: 98
[34mD[0m: picked card slot2
[34mD[0m: card event result=0
[34mD[0m: new cards size: %d13
[34mD[0m: player healt is 0
[34mD[0m: Exiting with status: 0
[34mD[0m: started
[34mD[0m: Pressed key: 97
[34mD[0m: picked card slot1
[34mD[0m: card event result=0
[34mD[0m: card event result=0
[34mD[0m: new cards size: %d15
[34mD[0m: player healt is 0
[34mD[0m: Exiting with status: 0
[34mD[0m: started
[34mD[0m: Pressed key: 98
[34mD[0m: picked card slot2
[34mD[0m: card event result=5
[34mD[0m: new cards size: %d15
[34mD[0m: Pressed key: 98
[34mD[0m: picked card slot2
[34mD[0m: card event result=5
[34mD[0m: new cards size: %d14
[34mD[0m: Pressed key: 98
[34mD[0m: picked card slot2
[34mD[0m: card event result=0
[34mD[0m: new cards size: %d13
[34mD[0m: player healt is 0
[34mD[0m: Exiting with status: 0
[34mD[0m: started
[34mD[0m: Pressed key: 98
[34mD[0m: picked card slot2
[34mD[0m: card event result=5
[34mD[0m: Pressed key: 98
[34mD[0m: picked card slot2
[34mD[0m: card event result=5
[34mD[0m: Pressed key: 98
[34mD[0m: picked card slot2
[34mD[0m: card event result=5
[34mD[0m: Pressed key: 98
[34mD[0m: picked card slot2
[34mD[0m: card event result=5
[34mD[0m: Pressed key: 98
[34mD[0m: picked card slot2
[34mD[0m: card event result=5
[34mD[0m: Pressed key: 98
[34mD[0m: picked card slot2
[34mD[0m: card event result=5
[34mD[0m: Pressed key: 98
[34mD[0m: picked card slot2
[34mD[0m: card event result=5
[34mD[0m: Pressed key: 98
[34mD[0m: picked card slot2
[34mD[0m: card event result=5
[34mD[0m: Pressed key: 98
[34mD[0m: picked card slot2
[34mD[0m: card event result=5
[34mD[0m: Pressed key: 98
[34mD[0m: picked card slot2
[34mD[0m: card event result=5
[34mD[0m: Pressed key: 98
[34mD[0m: picked card slot2
[34mD[0m: card event result=5
[34mD[0m: Pressed key: 98
[34mD[0m: picked card slot2
[34mD[0m: card event result=5
[34mD[0m: Pressed key: 98
[34mD[0m: picked card slot2
[34mD[0m: card event result=5
[34mD[0m: Pressed key: 98
[34mD[0m: picked card slot2
[34mD[0m: card event result=5
[34mD[0m: Pressed key: 98
[34mD[0m: picked card slot2
[34mD[0m: card event result=5
[34mD[0m: Pressed key: 98
[34mD[0m: picked card slot2
[34mD[0m: card event result=5
[34mD[0m: Pressed key: 98
[34mD[0m: picked card slot2
[34mD[0m: card event result=5
[34mD[0m: Pressed key: 98
[34mD[0m: picked card slot2
[34mD[0m: card event result=5
[34mD[0m: Pressed key: 98
[34mD[0m: picked card slot2
[34mD[0m: card event result=5
[34mD[0m: Pressed key: 98
[34mD[0m: picked card slot2
[34mD[0m: card event result=5
[34mD[0m: Pressed key: 98
[34mD[0m: picked card slot2
[34mD[0m: card event result=5
[34mD[0m: Pressed key: 98
[34mD[0m: picked card slot2
[34mD[0m: card event result=5
[34mD[0m: Pressed key: 98
[34mD[0m: picked card slot2
[34mD[0m: card event result=5
[34mD[0m: Pressed key: 98
[34mD[0m: picked card slot2
[34mD[0m: card event result=5
[34mD[0m: Pressed key: 98
[34mD[0m: picked card slot2
[34mD[0m: card event result=5
[34mD[0m: Pressed key: 98
[34mD[0m: picked card slot2
[34mD[0m: card event result=5
[34mD[0m: Pressed key: 98
[34mD[0m: picked card slot2
[34mD[0m: card event result=5
[34mD[0m: Pressed key: 113
[34mD[0m: Exiting with status: 0
[34mD[0m: started
[34mD[0m: Pressed key: 98
[34mD[0m: picked card slot2
[34mD[0m: card event result=5
[34mD[0m: new cards size: %d15
[34mD[0m: Pressed key: 98
[34mD[0m: picked card slot2
[34mD[0m: card event result=5
[34mD[0m: new cards size: %d14
[34mD[0m: Pressed key: 99
[34mD[0m: picked card slot3
[34mD[0m: card event result=5
[34mD[0m: new cards size: %d13
[34mD[0m: Pressed key: 99
[34mD[0m: picked card slot3
[34mD[0m: card event result=-2
[34mD[0m: new cards size: %d12
[34mD[0m: Pressed key: 99
[34mD[0m: picked card slot3
[34mD[0m: card event result=5
[34mD[0m: new cards size: %d11
[34mD[0m: Pressed key: 99
[34mD[0m: picked card slot3
[34mD[0m: card event result=5
[34mD[0m: new cards size: %d10
[34mD[0m: Pressed key: 99
[34mD[0m: picked card slot3
[34mD[0m: card event result=5
[34mD[0m: new cards size: %d9
[34mD[0m: Pressed key: 99
[34mD[0m: picked card slot3
[34mD[0m: card event result=-2
[34mD[0m: new cards size: %d8
[34mD[0m: Pressed key: 99
[34mD[0m: picked card slot3
[34mD[0m: card event result=-2
[34mD[0m: new cards size: %d7
[34mD[0m: Pressed key: 99
[34mD[0m: picked card slot3
[34mD[0m: card event result=-2
[34mD[0m: new cards size: %d6
[34mD[0m: Pressed key: 99
[34mD[0m: picked card slot3
[34mD[0m: card event result=-2
[34mD[0m: new cards size: %d5
[34mD[0m: Pressed key: 99
[34mD[0m: picked card slot3
[34mD[0m: card event result=-1
[34mD[0m: new cards size: %d4
[34mD[0m: Pressed key: 99
[34mD[0m: picked card slot3
[34mD[0m: card event result=-1
[34mD[0m: new cards size: %d3
[34mD[0m: Pressed key: 99
[34mD[0m: picked card slot3
[34mD[0m: card event result=-1
[34mD[0m: new cards size: %d2
[34mD[0m: Pressed key: 99
[34mD[0m: picked card slot3
[34mD[0m: card event result=-1
[34mD[0m: new cards size: %d1
[34mD[0m: Pressed key: 99
[34mD[0m: picked card slot3
[34mD[0m: card event result=-1
[34mD[0m: new cards size: %d0
[34mD[0m: Pressed key: 99
[34mD[0m: picked card slot3
[34mD[0m: card event result=-1
[34mD[0m: Pressed key: 99
[34mD[0m: picked card slot3
[34mD[0m: card event result=-1
[34mD[0m: Pressed key: 99
[34mD[0m: picked card slot3
[34mD[0m: Pressed key: 99
[34mD[0m: picked card slot3
[34mD[0m: Pressed key: 99
[34mD[0m: picked card slot3
[34mD[0m: Pressed key: 99
[34mD[0m: picked card slot3
[34mD[0m: Pressed key: 99
[34mD[0m: picked card slot3
[34mD[0m: Pressed key: 99
[34mD[0m: picked card slot3
[34mD[0m: Pressed key: 97
[34mD[0m: picked card slot1
[34mD[0m: card event result=0
[34mD[0m: card event result=0
[34mD[0m: player healt is 0
[34mD[0m: Exiting with status: 0
[34mD[0m: started
[34mD[0m: Pressed key: 97
[34mD[0m: picked card slot1
[34mD[0m: card event result=0
[34mD[0m: card event result=0
[34mD[0m: new cards size: %d9
[34mD[0m: player healt is 0
[34mD[0m: Exiting with status: 0
